*****************************************************************
      SolidWorks Corporation - IGES Processor Status Report
*****************************************************************
=================================================================
General Information
=================================================================
Sending System Product I.D.  : 4310.SLDPRT
Receiving System Product I.D.: 4310.SLDPRT
File Name                    : \\PSSILO\catalogs\EIGHTYTWENTY\4310\Cache\39382095-B543-44BA-BB2F-623A46C787DF.IGS
Sending System               : SolidWorks 2008
Preprocessor Version         : SolidWorks 2008
File Creation Date           : 080917.125346
Model Creation Date          : 080917.125346
Units                        : IN
Model Space Scale            : 1
Author                       : partstream
Organization                 : 


=================================================================
Entity Processing Information
=================================================================


=================================================================
Precision analysis of IGES file:
=================================================================
  Most prevalent number of significant digits:               2
  Highest number of significant digits:                     10
  Average number of significant digits:                2.82609
  Maximum distance to origin:                          40.1902
  Minimum distance to origin:                                0
  Effective number of significant digits:                   10


=================================================================
Entity Summary
=================================================================
-----------------------------------------------------------------
Type Name                                         Count Converted
---- ----                                         ----- ---------
100  Arc                                             48        48
102  Composite curve                                 64        64
110  Line                                            84        84
120  Surface of revolution                           12        12
124  Transformation matrix                           48        48
126  Rational B-spline curve                        108       108
128  Rational B-spline surface                        8         8
142  Curve on a parametric surface                   32        32
144  Trimmed parametric surface                      20        20
314  Color definition                                 1         1
_________________________________________________________________


=================================================================
Result Summary
=================================================================
SolidWorks Feature Type                Count
-----------------------                -----
Solid feature(s)                       1
Surface feature(s)                     0
Curve/Sketch feature(s)                0
--------------------------------------------
Start time: Thursday, November 28, 2013 07:14:47
Finish time: Thursday, November 28, 2013 07:14:57
Processing time: 0 days, 00 hours, 00 mins, 10 secs
